[0.709s] Invoking command in '/home/jeot/iibot-ROS/src/py_pubsub': PYTHONPATH=/home/jeot/iibot-ROS/install/py_pubsub/lib/python3.10/site-packages:${PYTHONPATH} /usr/bin/python3 setup.py egg_info --egg-base ../../build/py_pubsub build --build-base /home/jeot/iibot-ROS/build/py_pubsub/build install --prefix /home/jeot/iibot-ROS/install/py_pubsub --record /home/jeot/iibot-ROS/build/py_pubsub/install.log --single-version-externally-managed
[0.989s] running egg_info
[0.991s] writing ../../build/py_pubsub/py_pubsub.egg-info/PKG-INFO
[0.991s] writing dependency_links to ../../build/py_pubsub/py_pubsub.egg-info/dependency_links.txt
[0.992s] writing entry points to ../../build/py_pubsub/py_pubsub.egg-info/entry_points.txt
[0.992s] writing requirements to ../../build/py_pubsub/py_pubsub.egg-info/requires.txt
[0.992s] writing top-level names to ../../build/py_pubsub/py_pubsub.egg-info/top_level.txt
[0.996s] reading manifest file '../../build/py_pubsub/py_pubsub.egg-info/SOURCES.txt'
[0.998s] writing manifest file '../../build/py_pubsub/py_pubsub.egg-info/SOURCES.txt'
[0.998s] running build
[0.998s] running build_py
[0.999s] copying py_pubsub/publisher_gyro.py -> /home/jeot/iibot-ROS/build/py_pubsub/build/lib/py_pubsub
[0.999s] running install
[0.999s] /usr/lib/python3/dist-packages/setuptools/command/install.py:34: SetuptoolsDeprecationWarning: setup.py install is deprecated. Use build and pip and other standards-based tools.
[1.000s]   warnings.warn(
[1.000s] running install_lib
[1.002s] copying /home/jeot/iibot-ROS/build/py_pubsub/build/lib/py_pubsub/publisher_gyro.py -> /home/jeot/iibot-ROS/install/py_pubsub/lib/python3.10/site-packages/py_pubsub
[1.003s] byte-compiling /home/jeot/iibot-ROS/install/py_pubsub/lib/python3.10/site-packages/py_pubsub/publisher_gyro.py to publisher_gyro.cpython-310.pyc
[1.004s] running install_data
[1.005s] running install_egg_info
[1.007s] removing '/home/jeot/iibot-ROS/install/py_pubsub/lib/python3.10/site-packages/py_pubsub-0.0.0-py3.10.egg-info' (and everything under it)
[1.007s] Copying ../../build/py_pubsub/py_pubsub.egg-info to /home/jeot/iibot-ROS/install/py_pubsub/lib/python3.10/site-packages/py_pubsub-0.0.0-py3.10.egg-info
[1.009s] running install_scripts
[1.036s] Installing dir script to /home/jeot/iibot-ROS/install/py_pubsub/lib/py_pubsub
[1.037s] Installing gyro script to /home/jeot/iibot-ROS/install/py_pubsub/lib/py_pubsub
[1.037s] Installing listener script to /home/jeot/iibot-ROS/install/py_pubsub/lib/py_pubsub
[1.037s] Installing move script to /home/jeot/iibot-ROS/install/py_pubsub/lib/py_pubsub
[1.037s] Installing talker script to /home/jeot/iibot-ROS/install/py_pubsub/lib/py_pubsub
[1.038s] writing list of installed files to '/home/jeot/iibot-ROS/build/py_pubsub/install.log'
[1.069s] Invoked command in '/home/jeot/iibot-ROS/src/py_pubsub' returned '0': PYTHONPATH=/home/jeot/iibot-ROS/install/py_pubsub/lib/python3.10/site-packages:${PYTHONPATH} /usr/bin/python3 setup.py egg_info --egg-base ../../build/py_pubsub build --build-base /home/jeot/iibot-ROS/build/py_pubsub/build install --prefix /home/jeot/iibot-ROS/install/py_pubsub --record /home/jeot/iibot-ROS/build/py_pubsub/install.log --single-version-externally-managed
