[0.714s] Invoking command in '/home/jeot/ros2_ws/src/py_pubsub': PYTHONPATH=/home/jeot/ros2_ws/install/py_pubsub/lib/python3.10/site-packages:${PYTHONPATH} /usr/bin/python3 setup.py egg_info --egg-base ../../build/py_pubsub build --build-base /home/jeot/ros2_ws/build/py_pubsub/build install --prefix /home/jeot/ros2_ws/install/py_pubsub --record /home/jeot/ros2_ws/build/py_pubsub/install.log --single-version-externally-managed
[1.060s] running egg_info
[1.060s] creating ../../build/py_pubsub/py_pubsub.egg-info
[1.061s] writing ../../build/py_pubsub/py_pubsub.egg-info/PKG-INFO
[1.061s] writing dependency_links to ../../build/py_pubsub/py_pubsub.egg-info/dependency_links.txt
[1.061s] writing entry points to ../../build/py_pubsub/py_pubsub.egg-info/entry_points.txt
[1.061s] writing requirements to ../../build/py_pubsub/py_pubsub.egg-info/requires.txt
[1.061s] writing top-level names to ../../build/py_pubsub/py_pubsub.egg-info/top_level.txt
[1.062s] writing manifest file '../../build/py_pubsub/py_pubsub.egg-info/SOURCES.txt'
[1.063s] reading manifest file '../../build/py_pubsub/py_pubsub.egg-info/SOURCES.txt'
[1.064s] writing manifest file '../../build/py_pubsub/py_pubsub.egg-info/SOURCES.txt'
[1.064s] running build
[1.064s] running build_py
[1.064s] creating /home/jeot/ros2_ws/build/py_pubsub/build
[1.065s] creating /home/jeot/ros2_ws/build/py_pubsub/build/lib
[1.065s] creating /home/jeot/ros2_ws/build/py_pubsub/build/lib/py_pubsub
[1.065s] copying py_pubsub/__init__.py -> /home/jeot/ros2_ws/build/py_pubsub/build/lib/py_pubsub
[1.065s] running install
[1.065s] /usr/lib/python3/dist-packages/setuptools/command/install.py:34: SetuptoolsDeprecationWarning: setup.py install is deprecated. Use build and pip and other standards-based tools.
[1.065s]   warnings.warn(
[1.065s] running install_lib
[1.066s] creating /home/jeot/ros2_ws/install/py_pubsub/lib/python3.10/site-packages/py_pubsub
[1.066s] copying /home/jeot/ros2_ws/build/py_pubsub/build/lib/py_pubsub/__init__.py -> /home/jeot/ros2_ws/install/py_pubsub/lib/python3.10/site-packages/py_pubsub
[1.067s] byte-compiling /home/jeot/ros2_ws/install/py_pubsub/lib/python3.10/site-packages/py_pubsub/__init__.py to __init__.cpython-310.pyc
[1.067s] running install_data
[1.068s] creating /home/jeot/ros2_ws/install/py_pubsub/share/ament_index
[1.068s] creating /home/jeot/ros2_ws/install/py_pubsub/share/ament_index/resource_index
[1.068s] creating /home/jeot/ros2_ws/install/py_pubsub/share/ament_index/resource_index/packages
[1.069s] copying resource/py_pubsub -> /home/jeot/ros2_ws/install/py_pubsub/share/ament_index/resource_index/packages
[1.069s] copying package.xml -> /home/jeot/ros2_ws/install/py_pubsub/share/py_pubsub
[1.069s] running install_egg_info
[1.071s] Copying ../../build/py_pubsub/py_pubsub.egg-info to /home/jeot/ros2_ws/install/py_pubsub/lib/python3.10/site-packages/py_pubsub-0.0.0-py3.10.egg-info
[1.072s] running install_scripts
[1.097s] writing list of installed files to '/home/jeot/ros2_ws/build/py_pubsub/install.log'
[1.127s] Invoked command in '/home/jeot/ros2_ws/src/py_pubsub' returned '0': PYTHONPATH=/home/jeot/ros2_ws/install/py_pubsub/lib/python3.10/site-packages:${PYTHONPATH} /usr/bin/python3 setup.py egg_info --egg-base ../../build/py_pubsub build --build-base /home/jeot/ros2_ws/build/py_pubsub/build install --prefix /home/jeot/ros2_ws/install/py_pubsub --record /home/jeot/ros2_ws/build/py_pubsub/install.log --single-version-externally-managed
