[0.763s] Invoking command in '/home/jeot/iibot-ROS/src/py_pubsub': PYTHONPATH=/home/jeot/iibot-ROS/install/py_pubsub/lib/python3.10/site-packages:${PYTHONPATH} /usr/bin/python3 setup.py egg_info --egg-base ../../build/py_pubsub build --build-base /home/jeot/iibot-ROS/build/py_pubsub/build install --prefix /home/jeot/iibot-ROS/install/py_pubsub --record /home/jeot/iibot-ROS/build/py_pubsub/install.log --single-version-externally-managed
[1.040s] running egg_info
[1.041s] writing ../../build/py_pubsub/py_pubsub.egg-info/PKG-INFO
[1.042s] writing dependency_links to ../../build/py_pubsub/py_pubsub.egg-info/dependency_links.txt
[1.042s] writing entry points to ../../build/py_pubsub/py_pubsub.egg-info/entry_points.txt
[1.042s] writing requirements to ../../build/py_pubsub/py_pubsub.egg-info/requires.txt
[1.042s] writing top-level names to ../../build/py_pubsub/py_pubsub.egg-info/top_level.txt
[1.045s] reading manifest file '../../build/py_pubsub/py_pubsub.egg-info/SOURCES.txt'
[1.047s] writing manifest file '../../build/py_pubsub/py_pubsub.egg-info/SOURCES.txt'
[1.047s] running build
[1.047s] running build_py
[1.047s] copying py_pubsub/move_motors.py -> /home/jeot/iibot-ROS/build/py_pubsub/build/lib/py_pubsub
[1.047s] copying py_pubsub/subscriber_member_function.py -> /home/jeot/iibot-ROS/build/py_pubsub/build/lib/py_pubsub
[1.048s] copying py_pubsub/publisher_member_function.py -> /home/jeot/iibot-ROS/build/py_pubsub/build/lib/py_pubsub
[1.048s] running install
[1.049s] /usr/lib/python3/dist-packages/setuptools/command/install.py:34: SetuptoolsDeprecationWarning: setup.py install is deprecated. Use build and pip and other standards-based tools.
[1.049s]   warnings.warn(
[1.049s] running install_lib
[1.051s] copying /home/jeot/iibot-ROS/build/py_pubsub/build/lib/py_pubsub/move_motors.py -> /home/jeot/iibot-ROS/install/py_pubsub/lib/python3.10/site-packages/py_pubsub
[1.051s] copying /home/jeot/iibot-ROS/build/py_pubsub/build/lib/py_pubsub/subscriber_member_function.py -> /home/jeot/iibot-ROS/install/py_pubsub/lib/python3.10/site-packages/py_pubsub
[1.051s] copying /home/jeot/iibot-ROS/build/py_pubsub/build/lib/py_pubsub/publisher_member_function.py -> /home/jeot/iibot-ROS/install/py_pubsub/lib/python3.10/site-packages/py_pubsub
[1.052s] byte-compiling /home/jeot/iibot-ROS/install/py_pubsub/lib/python3.10/site-packages/py_pubsub/move_motors.py to move_motors.cpython-310.pyc
[1.053s] byte-compiling /home/jeot/iibot-ROS/install/py_pubsub/lib/python3.10/site-packages/py_pubsub/subscriber_member_function.py to subscriber_member_function.cpython-310.pyc
[1.054s] byte-compiling /home/jeot/iibot-ROS/install/py_pubsub/lib/python3.10/site-packages/py_pubsub/publisher_member_function.py to publisher_member_function.cpython-310.pyc
[1.054s] running install_data
[1.055s] running install_egg_info
[1.058s] removing '/home/jeot/iibot-ROS/install/py_pubsub/lib/python3.10/site-packages/py_pubsub-0.0.0-py3.10.egg-info' (and everything under it)
[1.058s] Copying ../../build/py_pubsub/py_pubsub.egg-info to /home/jeot/iibot-ROS/install/py_pubsub/lib/python3.10/site-packages/py_pubsub-0.0.0-py3.10.egg-info
[1.060s] running install_scripts
[1.087s] Installing listener script to /home/jeot/iibot-ROS/install/py_pubsub/lib/py_pubsub
[1.087s] Installing move script to /home/jeot/iibot-ROS/install/py_pubsub/lib/py_pubsub
[1.087s] Installing talker script to /home/jeot/iibot-ROS/install/py_pubsub/lib/py_pubsub
[1.088s] writing list of installed files to '/home/jeot/iibot-ROS/build/py_pubsub/install.log'
[1.118s] Invoked command in '/home/jeot/iibot-ROS/src/py_pubsub' returned '0': PYTHONPATH=/home/jeot/iibot-ROS/install/py_pubsub/lib/python3.10/site-packages:${PYTHONPATH} /usr/bin/python3 setup.py egg_info --egg-base ../../build/py_pubsub build --build-base /home/jeot/iibot-ROS/build/py_pubsub/build install --prefix /home/jeot/iibot-ROS/install/py_pubsub --record /home/jeot/iibot-ROS/build/py_pubsub/install.log --single-version-externally-managed
