[0.630s] Invoking command in '/home/jeot/ros2_ws/src/py_pubsub': PYTHONPATH=/home/jeot/ros2_ws/install/py_pubsub/lib/python3.10/site-packages:${PYTHONPATH} /usr/bin/python3 setup.py egg_info --egg-base ../../build/py_pubsub build --build-base /home/jeot/ros2_ws/build/py_pubsub/build install --prefix /home/jeot/ros2_ws/install/py_pubsub --record /home/jeot/ros2_ws/build/py_pubsub/install.log --single-version-externally-managed
[0.860s] running egg_info
[0.860s] writing ../../build/py_pubsub/py_pubsub.egg-info/PKG-INFO
[0.861s] writing dependency_links to ../../build/py_pubsub/py_pubsub.egg-info/dependency_links.txt
[0.861s] writing entry points to ../../build/py_pubsub/py_pubsub.egg-info/entry_points.txt
[0.861s] writing requirements to ../../build/py_pubsub/py_pubsub.egg-info/requires.txt
[0.861s] writing top-level names to ../../build/py_pubsub/py_pubsub.egg-info/top_level.txt
[0.863s] reading manifest file '../../build/py_pubsub/py_pubsub.egg-info/SOURCES.txt'
[0.865s] writing manifest file '../../build/py_pubsub/py_pubsub.egg-info/SOURCES.txt'
[0.865s] running build
[0.865s] running build_py
[0.865s] running install
[0.865s] /usr/lib/python3/dist-packages/setuptools/command/install.py:34: SetuptoolsDeprecationWarning: setup.py install is deprecated. Use build and pip and other standards-based tools.
[0.865s]   warnings.warn(
[0.866s] running install_lib
[0.867s] running install_data
[0.867s] running install_egg_info
[0.869s] removing '/home/jeot/ros2_ws/install/py_pubsub/lib/python3.10/site-packages/py_pubsub-0.0.0-py3.10.egg-info' (and everything under it)
[0.869s] Copying ../../build/py_pubsub/py_pubsub.egg-info to /home/jeot/ros2_ws/install/py_pubsub/lib/python3.10/site-packages/py_pubsub-0.0.0-py3.10.egg-info
[0.870s] running install_scripts
[0.889s] Installing listener script to /home/jeot/ros2_ws/install/py_pubsub/lib/py_pubsub
[0.889s] Installing talker script to /home/jeot/ros2_ws/install/py_pubsub/lib/py_pubsub
[0.890s] writing list of installed files to '/home/jeot/ros2_ws/build/py_pubsub/install.log'
[0.916s] Invoked command in '/home/jeot/ros2_ws/src/py_pubsub' returned '0': PYTHONPATH=/home/jeot/ros2_ws/install/py_pubsub/lib/python3.10/site-packages:${PYTHONPATH} /usr/bin/python3 setup.py egg_info --egg-base ../../build/py_pubsub build --build-base /home/jeot/ros2_ws/build/py_pubsub/build install --prefix /home/jeot/ros2_ws/install/py_pubsub --record /home/jeot/ros2_ws/build/py_pubsub/install.log --single-version-externally-managed
