[0.648s] Invoking command in '/home/jeot/ros2_ws_iibot/src/py_pubsub': PYTHONPATH=/home/jeot/ros2_ws_iibot/install/py_pubsub/lib/python3.10/site-packages:${PYTHONPATH} /usr/bin/python3 setup.py egg_info --egg-base ../../build/py_pubsub build --build-base /home/jeot/ros2_ws_iibot/build/py_pubsub/build install --prefix /home/jeot/ros2_ws_iibot/install/py_pubsub --record /home/jeot/ros2_ws_iibot/build/py_pubsub/install.log --single-version-externally-managed
[0.869s] running egg_info
[0.869s] writing ../../build/py_pubsub/py_pubsub.egg-info/PKG-INFO
[0.870s] writing dependency_links to ../../build/py_pubsub/py_pubsub.egg-info/dependency_links.txt
[0.870s] writing entry points to ../../build/py_pubsub/py_pubsub.egg-info/entry_points.txt
[0.870s] writing requirements to ../../build/py_pubsub/py_pubsub.egg-info/requires.txt
[0.870s] writing top-level names to ../../build/py_pubsub/py_pubsub.egg-info/top_level.txt
[0.873s] reading manifest file '../../build/py_pubsub/py_pubsub.egg-info/SOURCES.txt'
[0.874s] writing manifest file '../../build/py_pubsub/py_pubsub.egg-info/SOURCES.txt'
[0.874s] running build
[0.874s] running build_py
[0.875s] copying py_pubsub/publisher_member_function.py -> /home/jeot/ros2_ws_iibot/build/py_pubsub/build/lib/py_pubsub
[0.875s] running install
[0.875s] /usr/lib/python3/dist-packages/setuptools/command/install.py:34: SetuptoolsDeprecationWarning: setup.py install is deprecated. Use build and pip and other standards-based tools.
[0.875s]   warnings.warn(
[0.876s] running install_lib
[0.877s] copying /home/jeot/ros2_ws_iibot/build/py_pubsub/build/lib/py_pubsub/publisher_member_function.py -> /home/jeot/ros2_ws_iibot/install/py_pubsub/lib/python3.10/site-packages/py_pubsub
[0.878s] byte-compiling /home/jeot/ros2_ws_iibot/install/py_pubsub/lib/python3.10/site-packages/py_pubsub/publisher_member_function.py to publisher_member_function.cpython-310.pyc
[0.878s] running install_data
[0.879s] running install_egg_info
[0.881s] removing '/home/jeot/ros2_ws_iibot/install/py_pubsub/lib/python3.10/site-packages/py_pubsub-0.0.0-py3.10.egg-info' (and everything under it)
[0.881s] Copying ../../build/py_pubsub/py_pubsub.egg-info to /home/jeot/ros2_ws_iibot/install/py_pubsub/lib/python3.10/site-packages/py_pubsub-0.0.0-py3.10.egg-info
[0.883s] running install_scripts
[0.906s] Installing listener script to /home/jeot/ros2_ws_iibot/install/py_pubsub/lib/py_pubsub
[0.906s] Installing talker script to /home/jeot/ros2_ws_iibot/install/py_pubsub/lib/py_pubsub
[0.906s] writing list of installed files to '/home/jeot/ros2_ws_iibot/build/py_pubsub/install.log'
[0.952s] Invoked command in '/home/jeot/ros2_ws_iibot/src/py_pubsub' returned '0': PYTHONPATH=/home/jeot/ros2_ws_iibot/install/py_pubsub/lib/python3.10/site-packages:${PYTHONPATH} /usr/bin/python3 setup.py egg_info --egg-base ../../build/py_pubsub build --build-base /home/jeot/ros2_ws_iibot/build/py_pubsub/build install --prefix /home/jeot/ros2_ws_iibot/install/py_pubsub --record /home/jeot/ros2_ws_iibot/build/py_pubsub/install.log --single-version-externally-managed
