[0.636s] Invoking command in '/home/jeot/ros2_ws/src/py_pubsub': PYTHONPATH=/home/jeot/ros2_ws/install/py_pubsub/lib/python3.10/site-packages:${PYTHONPATH} /usr/bin/python3 setup.py egg_info --egg-base ../../build/py_pubsub build --build-base /home/jeot/ros2_ws/build/py_pubsub/build install --prefix /home/jeot/ros2_ws/install/py_pubsub --record /home/jeot/ros2_ws/build/py_pubsub/install.log --single-version-externally-managed
[0.859s] running egg_info
[0.859s] writing ../../build/py_pubsub/py_pubsub.egg-info/PKG-INFO
[0.860s] writing dependency_links to ../../build/py_pubsub/py_pubsub.egg-info/dependency_links.txt
[0.860s] writing entry points to ../../build/py_pubsub/py_pubsub.egg-info/entry_points.txt
[0.861s] writing requirements to ../../build/py_pubsub/py_pubsub.egg-info/requires.txt
[0.861s] writing top-level names to ../../build/py_pubsub/py_pubsub.egg-info/top_level.txt
[0.862s] reading manifest file '../../build/py_pubsub/py_pubsub.egg-info/SOURCES.txt'
[0.863s] writing manifest file '../../build/py_pubsub/py_pubsub.egg-info/SOURCES.txt'
[0.864s] running build
[0.864s] running build_py
[0.864s] copying py_pubsub/subscriber_member_function.py -> /home/jeot/ros2_ws/build/py_pubsub/build/lib/py_pubsub
[0.864s] copying py_pubsub/publisher_member_function.py -> /home/jeot/ros2_ws/build/py_pubsub/build/lib/py_pubsub
[0.864s] running install
[0.864s] /usr/lib/python3/dist-packages/setuptools/command/install.py:34: SetuptoolsDeprecationWarning: setup.py install is deprecated. Use build and pip and other standards-based tools.
[0.865s]   warnings.warn(
[0.865s] running install_lib
[0.866s] copying /home/jeot/ros2_ws/build/py_pubsub/build/lib/py_pubsub/subscriber_member_function.py -> /home/jeot/ros2_ws/install/py_pubsub/lib/python3.10/site-packages/py_pubsub
[0.866s] copying /home/jeot/ros2_ws/build/py_pubsub/build/lib/py_pubsub/publisher_member_function.py -> /home/jeot/ros2_ws/install/py_pubsub/lib/python3.10/site-packages/py_pubsub
[0.867s] byte-compiling /home/jeot/ros2_ws/install/py_pubsub/lib/python3.10/site-packages/py_pubsub/subscriber_member_function.py to subscriber_member_function.cpython-310.pyc
[0.868s] byte-compiling /home/jeot/ros2_ws/install/py_pubsub/lib/python3.10/site-packages/py_pubsub/publisher_member_function.py to publisher_member_function.cpython-310.pyc
[0.868s] running install_data
[0.869s] copying package.xml -> /home/jeot/ros2_ws/install/py_pubsub/share/py_pubsub
[0.869s] running install_egg_info
[0.871s] removing '/home/jeot/ros2_ws/install/py_pubsub/lib/python3.10/site-packages/py_pubsub-0.0.0-py3.10.egg-info' (and everything under it)
[0.871s] Copying ../../build/py_pubsub/py_pubsub.egg-info to /home/jeot/ros2_ws/install/py_pubsub/lib/python3.10/site-packages/py_pubsub-0.0.0-py3.10.egg-info
[0.872s] running install_scripts
[0.892s] Installing talker script to /home/jeot/ros2_ws/install/py_pubsub/lib/py_pubsub
[0.892s] writing list of installed files to '/home/jeot/ros2_ws/build/py_pubsub/install.log'
[0.918s] Invoked command in '/home/jeot/ros2_ws/src/py_pubsub' returned '0': PYTHONPATH=/home/jeot/ros2_ws/install/py_pubsub/lib/python3.10/site-packages:${PYTHONPATH} /usr/bin/python3 setup.py egg_info --egg-base ../../build/py_pubsub build --build-base /home/jeot/ros2_ws/build/py_pubsub/build install --prefix /home/jeot/ros2_ws/install/py_pubsub --record /home/jeot/ros2_ws/build/py_pubsub/install.log --single-version-externally-managed
