[0.706s] Invoking command in '/home/jeot/ros2_ws_iibot/src/py_pubsub': PYTHONPATH=/home/jeot/ros2_ws_iibot/install/py_pubsub/lib/python3.10/site-packages:${PYTHONPATH} /usr/bin/python3 setup.py egg_info --egg-base ../../build/py_pubsub build --build-base /home/jeot/ros2_ws_iibot/build/py_pubsub/build install --prefix /home/jeot/ros2_ws_iibot/install/py_pubsub --record /home/jeot/ros2_ws_iibot/build/py_pubsub/install.log --single-version-externally-managed
[0.984s] running egg_info
[0.985s] writing ../../build/py_pubsub/py_pubsub.egg-info/PKG-INFO
[0.986s] writing dependency_links to ../../build/py_pubsub/py_pubsub.egg-info/dependency_links.txt
[0.986s] writing entry points to ../../build/py_pubsub/py_pubsub.egg-info/entry_points.txt
[0.986s] writing requirements to ../../build/py_pubsub/py_pubsub.egg-info/requires.txt
[0.986s] writing top-level names to ../../build/py_pubsub/py_pubsub.egg-info/top_level.txt
[0.989s] reading manifest file '../../build/py_pubsub/py_pubsub.egg-info/SOURCES.txt'
[0.991s] writing manifest file '../../build/py_pubsub/py_pubsub.egg-info/SOURCES.txt'
[0.991s] running build
[0.991s] running build_py
[0.992s] copying py_pubsub/publisher_member_function.py -> /home/jeot/ros2_ws_iibot/build/py_pubsub/build/lib/py_pubsub
[0.992s] running install
[0.992s] /usr/lib/python3/dist-packages/setuptools/command/install.py:34: SetuptoolsDeprecationWarning: setup.py install is deprecated. Use build and pip and other standards-based tools.
[0.993s]   warnings.warn(
[0.993s] running install_lib
[0.995s] copying /home/jeot/ros2_ws_iibot/build/py_pubsub/build/lib/py_pubsub/publisher_member_function.py -> /home/jeot/ros2_ws_iibot/install/py_pubsub/lib/python3.10/site-packages/py_pubsub
[0.996s] byte-compiling /home/jeot/ros2_ws_iibot/install/py_pubsub/lib/python3.10/site-packages/py_pubsub/publisher_member_function.py to publisher_member_function.cpython-310.pyc
[0.996s] running install_data
[0.997s] running install_egg_info
[1.000s] removing '/home/jeot/ros2_ws_iibot/install/py_pubsub/lib/python3.10/site-packages/py_pubsub-0.0.0-py3.10.egg-info' (and everything under it)
[1.000s] Copying ../../build/py_pubsub/py_pubsub.egg-info to /home/jeot/ros2_ws_iibot/install/py_pubsub/lib/python3.10/site-packages/py_pubsub-0.0.0-py3.10.egg-info
[1.002s] running install_scripts
[1.029s] Installing listener script to /home/jeot/ros2_ws_iibot/install/py_pubsub/lib/py_pubsub
[1.030s] Installing talker script to /home/jeot/ros2_ws_iibot/install/py_pubsub/lib/py_pubsub
[1.030s] writing list of installed files to '/home/jeot/ros2_ws_iibot/build/py_pubsub/install.log'
[1.063s] Invoked command in '/home/jeot/ros2_ws_iibot/src/py_pubsub' returned '0': PYTHONPATH=/home/jeot/ros2_ws_iibot/install/py_pubsub/lib/python3.10/site-packages:${PYTHONPATH} /usr/bin/python3 setup.py egg_info --egg-base ../../build/py_pubsub build --build-base /home/jeot/ros2_ws_iibot/build/py_pubsub/build install --prefix /home/jeot/ros2_ws_iibot/install/py_pubsub --record /home/jeot/ros2_ws_iibot/build/py_pubsub/install.log --single-version-externally-managed
