[0.594s] Invoking command in '/home/jeot/ros2_ws_iibot/src/py_pubsub': PYTHONPATH=/home/jeot/ros2_ws_iibot/install/py_pubsub/lib/python3.10/site-packages:${PYTHONPATH} /usr/bin/python3 setup.py egg_info --egg-base ../../build/py_pubsub build --build-base /home/jeot/ros2_ws_iibot/build/py_pubsub/build install --prefix /home/jeot/ros2_ws_iibot/install/py_pubsub --record /home/jeot/ros2_ws_iibot/build/py_pubsub/install.log --single-version-externally-managed
[0.816s] running egg_info
[0.817s] writing ../../build/py_pubsub/py_pubsub.egg-info/PKG-INFO
[0.817s] writing dependency_links to ../../build/py_pubsub/py_pubsub.egg-info/dependency_links.txt
[0.818s] writing entry points to ../../build/py_pubsub/py_pubsub.egg-info/entry_points.txt
[0.818s] writing requirements to ../../build/py_pubsub/py_pubsub.egg-info/requires.txt
[0.818s] writing top-level names to ../../build/py_pubsub/py_pubsub.egg-info/top_level.txt
[0.820s] reading manifest file '../../build/py_pubsub/py_pubsub.egg-info/SOURCES.txt'
[0.822s] writing manifest file '../../build/py_pubsub/py_pubsub.egg-info/SOURCES.txt'
[0.822s] running build
[0.822s] running build_py
[0.822s] copying py_pubsub/publisher_member_function.py -> /home/jeot/ros2_ws_iibot/build/py_pubsub/build/lib/py_pubsub
[0.823s] running install
[0.823s] /usr/lib/python3/dist-packages/setuptools/command/install.py:34: SetuptoolsDeprecationWarning: setup.py install is deprecated. Use build and pip and other standards-based tools.
[0.823s]   warnings.warn(
[0.824s] running install_lib
[0.825s] copying /home/jeot/ros2_ws_iibot/build/py_pubsub/build/lib/py_pubsub/publisher_member_function.py -> /home/jeot/ros2_ws_iibot/install/py_pubsub/lib/python3.10/site-packages/py_pubsub
[0.825s] byte-compiling /home/jeot/ros2_ws_iibot/install/py_pubsub/lib/python3.10/site-packages/py_pubsub/publisher_member_function.py to publisher_member_function.cpython-310.pyc
[0.826s] running install_data
[0.827s] running install_egg_info
[0.829s] removing '/home/jeot/ros2_ws_iibot/install/py_pubsub/lib/python3.10/site-packages/py_pubsub-0.0.0-py3.10.egg-info' (and everything under it)
[0.830s] Copying ../../build/py_pubsub/py_pubsub.egg-info to /home/jeot/ros2_ws_iibot/install/py_pubsub/lib/python3.10/site-packages/py_pubsub-0.0.0-py3.10.egg-info
[0.831s] running install_scripts
[0.853s] Installing listener script to /home/jeot/ros2_ws_iibot/install/py_pubsub/lib/py_pubsub
[0.853s] Installing talker script to /home/jeot/ros2_ws_iibot/install/py_pubsub/lib/py_pubsub
[0.853s] writing list of installed files to '/home/jeot/ros2_ws_iibot/build/py_pubsub/install.log'
[0.879s] Invoked command in '/home/jeot/ros2_ws_iibot/src/py_pubsub' returned '0': PYTHONPATH=/home/jeot/ros2_ws_iibot/install/py_pubsub/lib/python3.10/site-packages:${PYTHONPATH} /usr/bin/python3 setup.py egg_info --egg-base ../../build/py_pubsub build --build-base /home/jeot/ros2_ws_iibot/build/py_pubsub/build install --prefix /home/jeot/ros2_ws_iibot/install/py_pubsub --record /home/jeot/ros2_ws_iibot/build/py_pubsub/install.log --single-version-externally-managed
